  main.cpp
C:\Users\caio_\Downloads\teste2\Solar-system\main.cpp(25,37): warning C4305: 'argumento': truncamento de 'double' para 'float'
C:\Users\caio_\Downloads\teste2\Solar-system\main.cpp(27,38): warning C4305: 'argumento': truncamento de 'double' para 'float'
C:\Users\caio_\Downloads\teste2\Solar-system\main.cpp(28,38): warning C4305: 'argumento': truncamento de 'double' para 'float'
C:\Users\caio_\Downloads\teste2\Solar-system\main.cpp(29,38): warning C4305: 'argumento': truncamento de 'double' para 'float'
C:\Users\caio_\Downloads\teste2\Solar-system\main.cpp(30,38): warning C4305: 'argumento': truncamento de 'double' para 'float'
C:\Users\caio_\Downloads\teste2\Solar-system\main.cpp(31,40): warning C4305: 'argumento': truncamento de 'double' para 'float'
C:\Users\caio_\Downloads\teste2\Solar-system\main.cpp(32,40): warning C4305: 'argumento': truncamento de 'double' para 'float'
C:\Users\caio_\Downloads\teste2\Solar-system\main.cpp(33,38): warning C4305: 'argumento': truncamento de 'double' para 'float'
C:\Users\caio_\Downloads\teste2\Solar-system\main.cpp(118,31): warning C4305: 'argumento': truncamento de 'double' para 'GLfloat'
C:\Users\caio_\Downloads\teste2\Solar-system\main.cpp(131,39): warning C4244: 'argumento': conversão de 'double' para 'GLint', possível perda de dados
C:\Users\caio_\Downloads\teste2\Solar-system\main.cpp(131,33): warning C4244: 'argumento': conversão de 'double' para 'GLint', possível perda de dados
C:\Users\caio_\Downloads\teste2\Solar-system\main.cpp(153,39): warning C4244: 'argumento': conversão de 'double' para 'GLint', possível perda de dados
C:\Users\caio_\Downloads\teste2\Solar-system\main.cpp(153,33): warning C4244: 'argumento': conversão de 'double' para 'GLint', possível perda de dados
C:\Users\caio_\Downloads\teste2\Solar-system\main.cpp(175,39): warning C4244: 'argumento': conversão de 'double' para 'GLint', possível perda de dados
C:\Users\caio_\Downloads\teste2\Solar-system\main.cpp(175,33): warning C4244: 'argumento': conversão de 'double' para 'GLint', possível perda de dados
C:\Users\caio_\Downloads\teste2\Solar-system\main.cpp(197,39): warning C4244: 'argumento': conversão de 'double' para 'GLint', possível perda de dados
C:\Users\caio_\Downloads\teste2\Solar-system\main.cpp(197,33): warning C4244: 'argumento': conversão de 'double' para 'GLint', possível perda de dados
C:\Users\caio_\Downloads\teste2\Solar-system\main.cpp(219,39): warning C4244: 'argumento': conversão de 'double' para 'GLint', possível perda de dados
C:\Users\caio_\Downloads\teste2\Solar-system\main.cpp(219,33): warning C4244: 'argumento': conversão de 'double' para 'GLint', possível perda de dados
C:\Users\caio_\Downloads\teste2\Solar-system\main.cpp(228,30): warning C4305: 'argumento': truncamento de 'double' para 'GLfloat'
C:\Users\caio_\Downloads\teste2\Solar-system\main.cpp(241,39): warning C4244: 'argumento': conversão de 'double' para 'GLint', possível perda de dados
C:\Users\caio_\Downloads\teste2\Solar-system\main.cpp(241,33): warning C4244: 'argumento': conversão de 'double' para 'GLint', possível perda de dados
C:\Users\caio_\Downloads\teste2\Solar-system\main.cpp(250,30): warning C4305: 'argumento': truncamento de 'double' para 'GLfloat'
C:\Users\caio_\Downloads\teste2\Solar-system\main.cpp(263,39): warning C4244: 'argumento': conversão de 'double' para 'GLint', possível perda de dados
C:\Users\caio_\Downloads\teste2\Solar-system\main.cpp(263,33): warning C4244: 'argumento': conversão de 'double' para 'GLint', possível perda de dados
C:\Users\caio_\Downloads\teste2\Solar-system\main.cpp(273,30): warning C4305: 'argumento': truncamento de 'double' para 'GLfloat'
C:\Users\caio_\Downloads\teste2\Solar-system\main.cpp(286,39): warning C4244: 'argumento': conversão de 'double' para 'GLint', possível perda de dados
C:\Users\caio_\Downloads\teste2\Solar-system\main.cpp(286,33): warning C4244: 'argumento': conversão de 'double' para 'GLint', possível perda de dados
C:\Users\caio_\Downloads\teste2\Solar-system\main.cpp(295,30): warning C4305: 'argumento': truncamento de 'double' para 'GLfloat'
C:\Users\caio_\Downloads\teste2\Solar-system\main.cpp(308,39): warning C4244: 'argumento': conversão de 'double' para 'GLint', possível perda de dados
C:\Users\caio_\Downloads\teste2\Solar-system\main.cpp(308,33): warning C4244: 'argumento': conversão de 'double' para 'GLint', possível perda de dados
C:\Users\caio_\Downloads\teste2\Solar-system\main.cpp(330,39): warning C4244: 'argumento': conversão de 'double' para 'GLint', possível perda de dados
C:\Users\caio_\Downloads\teste2\Solar-system\main.cpp(330,33): warning C4244: 'argumento': conversão de 'double' para 'GLint', possível perda de dados
  SolarSystem.vcxproj -> C:\Users\caio_\Downloads\teste2\Solar-system\Debug\SolarSystem.exe
